[debug] [2022-11-02T13:00:36.935Z] ----------------------------------------------------------------------
[debug] [2022-11-02T13:00:36.939Z] Command:       C:\Program Files\nodejs\node.exe C:\Users\91911\AppData\Roaming\npm\node_modules\firebase-tools\lib\bin\firebase.js --debug init
[debug] [2022-11-02T13:00:36.940Z] CLI Version:   11.15.0
[debug] [2022-11-02T13:00:36.941Z] Platform:      win32
[debug] [2022-11-02T13:00:36.941Z] Node Version:  v16.17.1
[debug] [2022-11-02T13:00:36.943Z] Time:          Wed Nov 02 2022 18:30:36 GMT+0530 (India Standard Time)
[debug] [2022-11-02T13:00:36.944Z] ----------------------------------------------------------------------
[debug] 
[debug] [2022-11-02T13:00:36.963Z] > command requires scopes: ["email","openid","https://www.googleapis.com/auth/cloudplatformprojects.readonly","https://www.googleapis.com/auth/firebase","https://www.googleapis.com/auth/cloud-platform"]
[debug] [2022-11-02T13:00:36.967Z] > authorizing via signed-in user (ramachary9110@gmail.com)
[info] 
     ######## #### ########  ######## ########     ###     ######  ########
     ##        ##  ##     ## ##       ##     ##  ##   ##  ##       ##
     ######    ##  ########  ######   ########  #########  ######  ######
     ##        ##  ##    ##  ##       ##     ## ##     ##       ## ##
     ##       #### ##     ## ######## ########  ##     ##  ######  ########

You're about to initialize a Firebase project in this directory:

  C:\React\Projects\chat-app

Before we get started, keep in mind:

  * You are currently outside your home directory

[info] 
=== Project Setup
[info] 
[info] First, let's associate this project directory with a Firebase project.
[info] You can create multiple project aliases by running firebase use --add, 
[info] but for now we'll just set up a default project.
[info] 
[debug] [2022-11-02T13:00:45.232Z] >>> [apiv2][query] GET https://firebase.googleapis.com/v1beta1/projects pageSize=100
[debug] [2022-11-02T13:00:46.289Z] <<< [apiv2][status] GET https://firebase.googleapis.com/v1beta1/projects 200
[debug] [2022-11-02T13:00:46.291Z] <<< [apiv2][body] GET https://firebase.googleapis.com/v1beta1/projects [omitted]
[info] i  Using project chat-web-app-3cedc (Chat-Web-App) 
[info] 
=== Database Setup
[info] i  database: ensuring required API firebasedatabase.googleapis.com is enabled... 
[debug] [2022-11-02T13:00:46.906Z] >>> [apiv2][query] GET https://serviceusage.googleapis.com/v1/projects/chat-web-app-3cedc/services/firebasedatabase.googleapis.com [none]
[debug] [2022-11-02T13:00:46.907Z] >>> [apiv2][(partial)header] GET https://serviceusage.googleapis.com/v1/projects/chat-web-app-3cedc/services/firebasedatabase.googleapis.com x-goog-quota-user=projects/chat-web-app-3cedc
[debug] [2022-11-02T13:00:48.936Z] <<< [apiv2][status] GET https://serviceusage.googleapis.com/v1/projects/chat-web-app-3cedc/services/firebasedatabase.googleapis.com 200
[debug] [2022-11-02T13:00:48.937Z] <<< [apiv2][body] GET https://serviceusage.googleapis.com/v1/projects/chat-web-app-3cedc/services/firebasedatabase.googleapis.com [omitted]
[info] +  database: required API firebasedatabase.googleapis.com is enabled 
[info] 
[debug] [2022-11-02T13:00:48.942Z] >>> [apiv2][query] GET https://firebasedatabase.googleapis.com/v1beta/projects/chat-web-app-3cedc/locations/-/instances/chat-web-app-3cedc-default-rtdb [none]
[debug] [2022-11-02T13:00:50.147Z] <<< [apiv2][status] GET https://firebasedatabase.googleapis.com/v1beta/projects/chat-web-app-3cedc/locations/-/instances/chat-web-app-3cedc-default-rtdb 200
[debug] [2022-11-02T13:00:50.149Z] <<< [apiv2][body] GET https://firebasedatabase.googleapis.com/v1beta/projects/chat-web-app-3cedc/locations/-/instances/chat-web-app-3cedc-default-rtdb {"name":"projects/486439423645/locations/us-central1/instances/chat-web-app-3cedc-default-rtdb","project":"projects/486439423645","databaseUrl":"https://chat-web-app-3cedc-default-rtdb.firebaseio.com","type":"DEFAULT_DATABASE","state":"ACTIVE"}
[info] 
[info] Firebase Realtime Database Security Rules allow you to define how your data should be
[info] structured and when your data can be read from and written to.
[info] 
[debug] [2022-11-02T13:00:56.639Z] >>> [apiv2][query] GET https://chat-web-app-3cedc-default-rtdb.firebaseio.com/.settings/rules.json [none]
[debug] [2022-11-02T13:00:57.369Z] <<< [apiv2][status] GET https://chat-web-app-3cedc-default-rtdb.firebaseio.com/.settings/rules.json 200
[debug] [2022-11-02T13:00:57.370Z] <<< [apiv2][body] GET https://chat-web-app-3cedc-default-rtdb.firebaseio.com/.settings/rules.json [stream]
[info] +  Database Rules for chat-web-app-3cedc-default-rtdb have been written to Y. 
[info] Future modifications to Y will update Realtime Database Security Rules when you run
[info] firebase deploy.
[info] 
=== Hosting Setup
[info] 
[info] Your public directory is the folder (relative to your project directory) that
[info] will contain Hosting assets to be uploaded with firebase deploy. If you
[info] have a build process for your assets, use your build's output directory.
[info] 
[debug] [2022-11-02T13:01:07.596Z] >>> [apiv2][query] GET https://www.gstatic.com/firebasejs/releases.json [none]
[debug] [2022-11-02T13:01:07.852Z] <<< [apiv2][status] GET https://www.gstatic.com/firebasejs/releases.json 200
[debug] [2022-11-02T13:01:07.853Z] <<< [apiv2][body] GET https://www.gstatic.com/firebasejs/releases.json {"current":{"version":"9.13.0","browserURL":"https://www.gstatic.com/firebasejs/9.13.0/firebase.js","packageURL":"https://www.gstatic.com/firebasejs/9.13.0/firebase.tgz"},"live":{"version":"9.13","browserURL":"https://www.gstatic.com/firebasejs/live/9.13/firebase.js","packageURL":"https://www.gstatic.com/firebasejs/live/9.13/firebase.tgz"},"components":{"analytics":"https://www.gstatic.com/firebasejs/9.13.0/firebase-analytics.js","app":"https://www.gstatic.com/firebasejs/9.13.0/firebase-app.js","app-check":"https://www.gstatic.com/firebasejs/9.13.0/firebase-app-check.js","auth":"https://www.gstatic.com/firebasejs/9.13.0/firebase-auth.js","auth/cordova":"https://www.gstatic.com/firebasejs/9.13.0/firebase-auth/cordova.js","auth/react-native":"https://www.gstatic.com/firebasejs/9.13.0/firebase-auth/react-native.js","functions":"https://www.gstatic.com/firebasejs/9.13.0/firebase-functions.js","firestore":"https://www.gstatic.com/firebasejs/9.13.0/firebase-firestore.js","firestore/lite":"https://www.gstatic.com/firebasejs/9.13.0/firebase-firestore/lite.js","installations":"https://www.gstatic.com/firebasejs/9.13.0/firebase-installations.js","storage":"https://www.gstatic.com/firebasejs/9.13.0/firebase-storage.js","performance":"https://www.gstatic.com/firebasejs/9.13.0/firebase-performance.js","remote-config":"https://www.gstatic.com/firebasejs/9.13.0/firebase-remote-config.js","messaging":"https://www.gstatic.com/firebasejs/9.13.0/firebase-messaging.js","messaging/sw":"https://www.gstatic.com/firebasejs/9.13.0/firebase-messaging/sw.js","database":"https://www.gstatic.com/firebasejs/9.13.0/firebase-database.js","firestore.memory":"https://www.gstatic.com/firebasejs/9.13.0/firebase-firestore.memory.js"}}
[debug] [2022-11-02T13:01:08.310Z] Error: ENOTDIR: not a directory, scandir 'C:\React\Projects\chat-app\Y'
    at Object.readdirSync (node:fs:1442:3)
    at Object.createFileSync (C:\Users\91911\AppData\Roaming\npm\node_modules\firebase-tools\node_modules\fs-extra\lib\ensure\file.js:55:10)
    at Config.writeProjectFile (C:\Users\91911\AppData\Roaming\npm\node_modules\firebase-tools\lib\config.js:152:12)
    at C:\Users\91911\AppData\Roaming\npm\node_modules\firebase-tools\lib\config.js:176:22
    at processTicksAndRejections (node:internal/process/task_queues:96:5)
    at async doSetup (C:\Users\91911\AppData\Roaming\npm\node_modules\firebase-tools\lib\init\features\hosting\index.js:133:9)
    at async init (C:\Users\91911\AppData\Roaming\npm\node_modules\firebase-tools\lib\init\index.js:36:9)
[error] 
[error] Error: An unexpected error has occurred.
[debug] [2022-11-02T13:02:32.142Z] ----------------------------------------------------------------------
[debug] [2022-11-02T13:02:32.146Z] Command:       C:\Program Files\nodejs\node.exe C:\Users\91911\AppData\Roaming\npm\node_modules\firebase-tools\lib\bin\firebase.js --debug init
[debug] [2022-11-02T13:02:32.147Z] CLI Version:   11.15.0
[debug] [2022-11-02T13:02:32.147Z] Platform:      win32
[debug] [2022-11-02T13:02:32.147Z] Node Version:  v16.17.1
[debug] [2022-11-02T13:02:32.149Z] Time:          Wed Nov 02 2022 18:32:32 GMT+0530 (India Standard Time)
[debug] [2022-11-02T13:02:32.150Z] ----------------------------------------------------------------------
[debug] 
[debug] [2022-11-02T13:02:32.165Z] > command requires scopes: ["email","openid","https://www.googleapis.com/auth/cloudplatformprojects.readonly","https://www.googleapis.com/auth/firebase","https://www.googleapis.com/auth/cloud-platform"]
[debug] [2022-11-02T13:02:32.168Z] > authorizing via signed-in user (ramachary9110@gmail.com)
[info] 
     ######## #### ########  ######## ########     ###     ######  ########
     ##        ##  ##     ## ##       ##     ##  ##   ##  ##       ##
     ######    ##  ########  ######   ########  #########  ######  ######
     ##        ##  ##    ##  ##       ##     ## ##     ##       ## ##
     ##       #### ##     ## ######## ########  ##     ##  ######  ########

You're about to initialize a Firebase project in this directory:

  C:\React\Projects\chat-app

Before we get started, keep in mind:

  * You are currently outside your home directory

[info] 
=== Project Setup
[info] 
[info] First, let's associate this project directory with a Firebase project.
[info] You can create multiple project aliases by running firebase use --add, 
[info] but for now we'll just set up a default project.
[info] 
[debug] [2022-11-02T13:02:39.550Z] >>> [apiv2][query] GET https://firebase.googleapis.com/v1beta1/projects pageSize=100
[debug] [2022-11-02T13:02:42.374Z] <<< [apiv2][status] GET https://firebase.googleapis.com/v1beta1/projects 200
[debug] [2022-11-02T13:02:42.375Z] <<< [apiv2][body] GET https://firebase.googleapis.com/v1beta1/projects [omitted]
[info] i  Using project chat-web-app-3cedc (Chat-Web-App) 
[info] 
=== Database Setup
[info] i  database: ensuring required API firebasedatabase.googleapis.com is enabled... 
[debug] [2022-11-02T13:02:43.584Z] >>> [apiv2][query] GET https://serviceusage.googleapis.com/v1/projects/chat-web-app-3cedc/services/firebasedatabase.googleapis.com [none]
[debug] [2022-11-02T13:02:43.585Z] >>> [apiv2][(partial)header] GET https://serviceusage.googleapis.com/v1/projects/chat-web-app-3cedc/services/firebasedatabase.googleapis.com x-goog-quota-user=projects/chat-web-app-3cedc
[debug] [2022-11-02T13:02:48.624Z] <<< [apiv2][status] GET https://serviceusage.googleapis.com/v1/projects/chat-web-app-3cedc/services/firebasedatabase.googleapis.com 200
[debug] [2022-11-02T13:02:48.625Z] <<< [apiv2][body] GET https://serviceusage.googleapis.com/v1/projects/chat-web-app-3cedc/services/firebasedatabase.googleapis.com [omitted]
[info] +  database: required API firebasedatabase.googleapis.com is enabled 
[info] 
[debug] [2022-11-02T13:02:48.631Z] >>> [apiv2][query] GET https://firebasedatabase.googleapis.com/v1beta/projects/chat-web-app-3cedc/locations/-/instances/chat-web-app-3cedc-default-rtdb [none]
[debug] [2022-11-02T13:02:49.762Z] <<< [apiv2][status] GET https://firebasedatabase.googleapis.com/v1beta/projects/chat-web-app-3cedc/locations/-/instances/chat-web-app-3cedc-default-rtdb 200
[debug] [2022-11-02T13:02:49.765Z] <<< [apiv2][body] GET https://firebasedatabase.googleapis.com/v1beta/projects/chat-web-app-3cedc/locations/-/instances/chat-web-app-3cedc-default-rtdb {"name":"projects/486439423645/locations/us-central1/instances/chat-web-app-3cedc-default-rtdb","project":"projects/486439423645","databaseUrl":"https://chat-web-app-3cedc-default-rtdb.firebaseio.com","type":"DEFAULT_DATABASE","state":"ACTIVE"}
[info] 
[info] Firebase Realtime Database Security Rules allow you to define how your data should be
[info] structured and when your data can be read from and written to.
[info] 
[debug] [2022-11-02T13:03:04.895Z] >>> [apiv2][query] GET https://chat-web-app-3cedc-default-rtdb.firebaseio.com/.settings/rules.json [none]
[debug] [2022-11-02T13:03:05.666Z] <<< [apiv2][status] GET https://chat-web-app-3cedc-default-rtdb.firebaseio.com/.settings/rules.json 200
[debug] [2022-11-02T13:03:05.667Z] <<< [apiv2][body] GET https://chat-web-app-3cedc-default-rtdb.firebaseio.com/.settings/rules.json [stream]
[info] +  Database Rules for chat-web-app-3cedc-default-rtdb have been written to Y. 
[info] Future modifications to Y will update Realtime Database Security Rules when you run
[info] firebase deploy.
[info] 
=== Hosting Setup
[info] 
[info] Your public directory is the folder (relative to your project directory) that
[info] will contain Hosting assets to be uploaded with firebase deploy. If you
[info] have a build process for your assets, use your build's output directory.
[info] 
[debug] [2022-11-02T13:03:16.502Z] >>> [apiv2][query] GET https://www.gstatic.com/firebasejs/releases.json [none]
[debug] [2022-11-02T13:03:16.787Z] <<< [apiv2][status] GET https://www.gstatic.com/firebasejs/releases.json 200
[debug] [2022-11-02T13:03:16.788Z] <<< [apiv2][body] GET https://www.gstatic.com/firebasejs/releases.json {"current":{"version":"9.13.0","browserURL":"https://www.gstatic.com/firebasejs/9.13.0/firebase.js","packageURL":"https://www.gstatic.com/firebasejs/9.13.0/firebase.tgz"},"live":{"version":"9.13","browserURL":"https://www.gstatic.com/firebasejs/live/9.13/firebase.js","packageURL":"https://www.gstatic.com/firebasejs/live/9.13/firebase.tgz"},"components":{"analytics":"https://www.gstatic.com/firebasejs/9.13.0/firebase-analytics.js","app":"https://www.gstatic.com/firebasejs/9.13.0/firebase-app.js","app-check":"https://www.gstatic.com/firebasejs/9.13.0/firebase-app-check.js","auth":"https://www.gstatic.com/firebasejs/9.13.0/firebase-auth.js","auth/cordova":"https://www.gstatic.com/firebasejs/9.13.0/firebase-auth/cordova.js","auth/react-native":"https://www.gstatic.com/firebasejs/9.13.0/firebase-auth/react-native.js","functions":"https://www.gstatic.com/firebasejs/9.13.0/firebase-functions.js","firestore":"https://www.gstatic.com/firebasejs/9.13.0/firebase-firestore.js","firestore/lite":"https://www.gstatic.com/firebasejs/9.13.0/firebase-firestore/lite.js","installations":"https://www.gstatic.com/firebasejs/9.13.0/firebase-installations.js","storage":"https://www.gstatic.com/firebasejs/9.13.0/firebase-storage.js","performance":"https://www.gstatic.com/firebasejs/9.13.0/firebase-performance.js","remote-config":"https://www.gstatic.com/firebasejs/9.13.0/firebase-remote-config.js","messaging":"https://www.gstatic.com/firebasejs/9.13.0/firebase-messaging.js","messaging/sw":"https://www.gstatic.com/firebasejs/9.13.0/firebase-messaging/sw.js","database":"https://www.gstatic.com/firebasejs/9.13.0/firebase-database.js","firestore.memory":"https://www.gstatic.com/firebasejs/9.13.0/firebase-firestore.memory.js"}}
[info] +  Wrote Public/index.html 
[info] 
[info] i  Writing configuration info to firebase.json... 
[info] i  Writing project information to .firebaserc... 
[info] 
[info] +  Firebase initialization complete! 
[debug] [2022-11-02T13:05:24.067Z] ----------------------------------------------------------------------
[debug] [2022-11-02T13:05:24.070Z] Command:       C:\Program Files\nodejs\node.exe C:\Users\91911\AppData\Roaming\npm\node_modules\firebase-tools\lib\bin\firebase.js --debug init
[debug] [2022-11-02T13:05:24.071Z] CLI Version:   11.15.0
[debug] [2022-11-02T13:05:24.071Z] Platform:      win32
[debug] [2022-11-02T13:05:24.071Z] Node Version:  v16.17.1
[debug] [2022-11-02T13:05:24.072Z] Time:          Wed Nov 02 2022 18:35:24 GMT+0530 (India Standard Time)
[debug] [2022-11-02T13:05:24.073Z] ----------------------------------------------------------------------
[debug] 
[debug] [2022-11-02T13:05:24.264Z] > command requires scopes: ["email","openid","https://www.googleapis.com/auth/cloudplatformprojects.readonly","https://www.googleapis.com/auth/firebase","https://www.googleapis.com/auth/cloud-platform"]
[debug] [2022-11-02T13:05:24.268Z] > authorizing via signed-in user (ramachary9110@gmail.com)
[info] 
     ######## #### ########  ######## ########     ###     ######  ########
     ##        ##  ##     ## ##       ##     ##  ##   ##  ##       ##
     ######    ##  ########  ######   ########  #########  ######  ######
     ##        ##  ##    ##  ##       ##     ## ##     ##       ## ##
     ##       #### ##     ## ######## ########  ##     ##  ######  ########

You're about to initialize a Firebase project in this directory:

  C:\React\Projects\chat-app

Before we get started, keep in mind:

  * You are currently outside your home directory
  * You are initializing within an existing Firebase project directory

[info] 
=== Project Setup
[info] 
[info] First, let's associate this project directory with a Firebase project.
[info] You can create multiple project aliases by running firebase use --add, 
[info] but for now we'll just set up a default project.
[info] 
[debug] [2022-11-02T13:05:31.894Z] Using project from CLI flag: chat-web-app-3cedc
[debug] [2022-11-02T13:05:31.907Z] >>> [apiv2][query] GET https://firebase.googleapis.com/v1beta1/projects/chat-web-app-3cedc [none]
[debug] [2022-11-02T13:05:32.807Z] <<< [apiv2][status] GET https://firebase.googleapis.com/v1beta1/projects/chat-web-app-3cedc 200
[debug] [2022-11-02T13:05:32.808Z] <<< [apiv2][body] GET https://firebase.googleapis.com/v1beta1/projects/chat-web-app-3cedc {"projectId":"chat-web-app-3cedc","projectNumber":"486439423645","displayName":"Chat-Web-App","name":"projects/chat-web-app-3cedc","resources":{"hostingSite":"chat-web-app-3cedc","realtimeDatabaseInstance":"chat-web-app-3cedc-default-rtdb","storageBucket":"chat-web-app-3cedc.appspot.com","locationId":"europe-west"},"state":"ACTIVE","etag":"1_810994bc-a584-477c-977e-90ae3ffdde7e"}
[info] i  Using project chat-web-app-3cedc (Chat-Web-App) 
[info] 
=== Database Setup
[info] i  database: ensuring required API firebasedatabase.googleapis.com is enabled... 
[debug] [2022-11-02T13:05:32.829Z] >>> [apiv2][query] GET https://serviceusage.googleapis.com/v1/projects/chat-web-app-3cedc/services/firebasedatabase.googleapis.com [none]
[debug] [2022-11-02T13:05:32.831Z] >>> [apiv2][(partial)header] GET https://serviceusage.googleapis.com/v1/projects/chat-web-app-3cedc/services/firebasedatabase.googleapis.com x-goog-quota-user=projects/chat-web-app-3cedc
[debug] [2022-11-02T13:05:34.762Z] <<< [apiv2][status] GET https://serviceusage.googleapis.com/v1/projects/chat-web-app-3cedc/services/firebasedatabase.googleapis.com 200
[debug] [2022-11-02T13:05:34.763Z] <<< [apiv2][body] GET https://serviceusage.googleapis.com/v1/projects/chat-web-app-3cedc/services/firebasedatabase.googleapis.com [omitted]
[info] +  database: required API firebasedatabase.googleapis.com is enabled 
[info] 
[debug] [2022-11-02T13:05:34.768Z] >>> [apiv2][query] GET https://firebasedatabase.googleapis.com/v1beta/projects/chat-web-app-3cedc/locations/-/instances/chat-web-app-3cedc-default-rtdb [none]
[debug] [2022-11-02T13:05:35.765Z] <<< [apiv2][status] GET https://firebasedatabase.googleapis.com/v1beta/projects/chat-web-app-3cedc/locations/-/instances/chat-web-app-3cedc-default-rtdb 200
[debug] [2022-11-02T13:05:35.767Z] <<< [apiv2][body] GET https://firebasedatabase.googleapis.com/v1beta/projects/chat-web-app-3cedc/locations/-/instances/chat-web-app-3cedc-default-rtdb {"name":"projects/486439423645/locations/us-central1/instances/chat-web-app-3cedc-default-rtdb","project":"projects/486439423645","databaseUrl":"https://chat-web-app-3cedc-default-rtdb.firebaseio.com","type":"DEFAULT_DATABASE","state":"ACTIVE"}
[info] 
[info] Firebase Realtime Database Security Rules allow you to define how your data should be
[info] structured and when your data can be read from and written to.
[info] 
[debug] [2022-11-02T13:05:39.564Z] >>> [apiv2][query] GET https://chat-web-app-3cedc-default-rtdb.firebaseio.com/.settings/rules.json [none]
[debug] [2022-11-02T13:05:40.273Z] <<< [apiv2][status] GET https://chat-web-app-3cedc-default-rtdb.firebaseio.com/.settings/rules.json 200
[debug] [2022-11-02T13:05:40.274Z] <<< [apiv2][body] GET https://chat-web-app-3cedc-default-rtdb.firebaseio.com/.settings/rules.json [stream]
[info] +  Database Rules for chat-web-app-3cedc-default-rtdb have been written to Y. 
[info] Future modifications to Y will update Realtime Database Security Rules when you run
[info] firebase deploy.
[info] 
=== Hosting Setup
[info] 
[info] Your public directory is the folder (relative to your project directory) that
[info] will contain Hosting assets to be uploaded with firebase deploy. If you
[info] have a build process for your assets, use your build's output directory.
[info] 
[debug] [2022-11-02T13:05:55.690Z] >>> [apiv2][query] GET https://www.gstatic.com/firebasejs/releases.json [none]
[debug] [2022-11-02T13:05:55.903Z] <<< [apiv2][status] GET https://www.gstatic.com/firebasejs/releases.json 200
[debug] [2022-11-02T13:05:55.904Z] <<< [apiv2][body] GET https://www.gstatic.com/firebasejs/releases.json {"current":{"version":"9.13.0","browserURL":"https://www.gstatic.com/firebasejs/9.13.0/firebase.js","packageURL":"https://www.gstatic.com/firebasejs/9.13.0/firebase.tgz"},"live":{"version":"9.13","browserURL":"https://www.gstatic.com/firebasejs/live/9.13/firebase.js","packageURL":"https://www.gstatic.com/firebasejs/live/9.13/firebase.tgz"},"components":{"analytics":"https://www.gstatic.com/firebasejs/9.13.0/firebase-analytics.js","app":"https://www.gstatic.com/firebasejs/9.13.0/firebase-app.js","app-check":"https://www.gstatic.com/firebasejs/9.13.0/firebase-app-check.js","auth":"https://www.gstatic.com/firebasejs/9.13.0/firebase-auth.js","auth/cordova":"https://www.gstatic.com/firebasejs/9.13.0/firebase-auth/cordova.js","auth/react-native":"https://www.gstatic.com/firebasejs/9.13.0/firebase-auth/react-native.js","functions":"https://www.gstatic.com/firebasejs/9.13.0/firebase-functions.js","firestore":"https://www.gstatic.com/firebasejs/9.13.0/firebase-firestore.js","firestore/lite":"https://www.gstatic.com/firebasejs/9.13.0/firebase-firestore/lite.js","installations":"https://www.gstatic.com/firebasejs/9.13.0/firebase-installations.js","storage":"https://www.gstatic.com/firebasejs/9.13.0/firebase-storage.js","performance":"https://www.gstatic.com/firebasejs/9.13.0/firebase-performance.js","remote-config":"https://www.gstatic.com/firebasejs/9.13.0/firebase-remote-config.js","messaging":"https://www.gstatic.com/firebasejs/9.13.0/firebase-messaging.js","messaging/sw":"https://www.gstatic.com/firebasejs/9.13.0/firebase-messaging/sw.js","database":"https://www.gstatic.com/firebasejs/9.13.0/firebase-database.js","firestore.memory":"https://www.gstatic.com/firebasejs/9.13.0/firebase-firestore.memory.js"}}
[info] +  Wrote build/index.html 
[info] 
[info] i  Writing configuration info to firebase.json... 
[info] i  Writing project information to .firebaserc... 
[info] 
[info] +  Firebase initialization complete! 
